<?xml version="1.0" encoding="UTF-8"?>
<!-- Generated by org.testng.reporters.JUnitXMLReporter -->
<testsuite ignored="0" hostname="LPFKOL015150" failures="0" tests="10" name="Test" time="6.083" errors="0" timestamp="2024-04-28T11:06:19 IST">
  <testcase classname="testClassPackage.loginTest" name="@BeforeMethod StartBrowser" time="5.78">
    <failure type="org.openqa.selenium.WebDriverException" message="Reached error page: about:neterror?e=dnsNotFound&amp;amp;u=https%3A//ppai.perfectpitch.tech/login&amp;amp;c=UTF-8&amp;amp;d=We%20can%E2%80%99t%20connect%20to%20the%20server%20at%20ppai.perfectpitch.tech.
Build info: version: &amp;apos;4.14.1&amp;apos;, revision: &amp;apos;03f8ede370&amp;apos;
System info: os.name: &amp;apos;Windows 10&amp;apos;, os.arch: &amp;apos;amd64&amp;apos;, os.version: &amp;apos;10.0&amp;apos;, java.version: &amp;apos;17.0.8&amp;apos;
Driver info: org.openqa.selenium.firefox.FirefoxDriver
Command: [27b58564-0b4b-4ed6-9349-704ded382ad9, get {url=https://ppai.perfectpitch.tech/login}]
Capabilities {acceptInsecureCerts: true, browserName: firefox, browserVersion: 125.0.2, moz:accessibilityChecks: false, moz:buildID: 20240419144423, moz:debuggerAddress: 127.0.0.1:24514, moz:geckodriverVersion: 0.34.0, moz:headless: false, moz:platformVersion: 10.0, moz:processID: 20296, moz:profile: C:\Users\FKOL01~1\AppData\L..., moz:shutdownTimeout: 60000, moz:webdriverClick: true, moz:windowless: false, pageLoadStrategy: normal, platformName: windows, proxy: Proxy(), se:cdp: ws://127.0.0.1:24514/devtoo..., se:cdpVersion: 85.0, setWindowRect: true, strictFileInteractability: false, timeouts: {implicit: 0, pageLoad: 300000, script: 30000}, unhandledPromptBehavior: dismiss and notify, userAgent: Mozilla/5.0 (Windows NT 10....}
Session ID: 27b58564-0b4b-4ed6-9349-704ded382ad9">
      <![CDATA[org.openqa.selenium.WebDriverException: Reached error page: about:neterror?e=dnsNotFound&u=https%3A//ppai.perfectpitch.tech/login&c=UTF-8&d=We%20can%E2%80%99t%20connect%20to%20the%20server%20at%20ppai.perfectpitch.tech.
Build info: version: '4.14.1', revision: '03f8ede370'
System info: os.name: 'Windows 10', os.arch: 'amd64', os.version: '10.0', java.version: '17.0.8'
Driver info: org.openqa.selenium.firefox.FirefoxDriver
Command: [27b58564-0b4b-4ed6-9349-704ded382ad9, get {url=https://ppai.perfectpitch.tech/login}]
Capabilities {acceptInsecureCerts: true, browserName: firefox, browserVersion: 125.0.2, moz:accessibilityChecks: false, moz:buildID: 20240419144423, moz:debuggerAddress: 127.0.0.1:24514, moz:geckodriverVersion: 0.34.0, moz:headless: false, moz:platformVersion: 10.0, moz:processID: 20296, moz:profile: C:\Users\FKOL01~1\AppData\L..., moz:shutdownTimeout: 60000, moz:webdriverClick: true, moz:windowless: false, pageLoadStrategy: normal, platformName: windows, proxy: Proxy(), se:cdp: ws://127.0.0.1:24514/devtoo..., se:cdpVersion: 85.0, setWindowRect: true, strictFileInteractability: false, timeouts: {implicit: 0, pageLoad: 300000, script: 30000}, unhandledPromptBehavior: dismiss and notify, userAgent: Mozilla/5.0 (Windows NT 10....}
Session ID: 27b58564-0b4b-4ed6-9349-704ded382ad9
at org.openqa.selenium.remote.codec.w3c.W3CHttpResponseCodec.createException(W3CHttpResponseCodec.java:200)
at org.openqa.selenium.remote.codec.w3c.W3CHttpResponseCodec.decode(W3CHttpResponseCodec.java:133)
at org.openqa.selenium.remote.codec.w3c.W3CHttpResponseCodec.decode(W3CHttpResponseCodec.java:52)
at org.openqa.selenium.remote.HttpCommandExecutor.execute(HttpCommandExecutor.java:191)
at org.openqa.selenium.remote.service.DriverCommandExecutor.invokeExecute(DriverCommandExecutor.java:196)
at org.openqa.selenium.remote.service.DriverCommandExecutor.execute(DriverCommandExecutor.java:171)
at org.openqa.selenium.remote.RemoteWebDriver.execute(RemoteWebDriver.java:602)
at org.openqa.selenium.remote.RemoteWebDriver.get(RemoteWebDriver.java:304)
at basepackage.baseClass.setUp(baseClass.java:45)
at testClassPackage.loginTest.StartBrowser(loginTest.java:32)
at java.base/java.util.ArrayList.forEach(ArrayList.java:1511)
... Removed 36 stack frames]]>
    </failure>
  </testcase> <!-- @BeforeMethod StartBrowser -->
  <testcase classname="testClassPackage.loginTest" name="@AfterMethod TearDown" time="0.0">
    <skipped/>
  </testcase> <!-- @AfterMethod TearDown -->
  <testcase classname="testClassPackage.loginTest" name="@BeforeMethod StartBrowser" time="0.0">
    <skipped/>
  </testcase> <!-- @BeforeMethod StartBrowser -->
  <testcase classname="testClassPackage.loginTest" name="@AfterMethod TearDown" time="0.0">
    <skipped/>
  </testcase> <!-- @AfterMethod TearDown -->
  <testcase classname="testClassPackage.loginTest" name="@BeforeMethod StartBrowser" time="0.0">
    <skipped/>
  </testcase> <!-- @BeforeMethod StartBrowser -->
  <testcase classname="testClassPackage.loginTest" name="@AfterMethod TearDown" time="0.0">
    <skipped/>
  </testcase> <!-- @AfterMethod TearDown -->
  <testcase classname="testClassPackage.loginTest" name="@BeforeMethod StartBrowser" time="0.0">
    <skipped/>
  </testcase> <!-- @BeforeMethod StartBrowser -->
  <testcase classname="testClassPackage.loginTest" name="@AfterMethod TearDown" time="0.0">
    <skipped/>
  </testcase> <!-- @AfterMethod TearDown -->
  <testcase classname="testClassPackage.loginTest" name="@BeforeMethod StartBrowser" time="0.0">
    <skipped/>
  </testcase> <!-- @BeforeMethod StartBrowser -->
  <testcase classname="testClassPackage.loginTest" name="@AfterMethod TearDown" time="0.0">
    <skipped/>
  </testcase> <!-- @AfterMethod TearDown -->
  <testcase classname="testClassPackage.loginTest" name="@BeforeMethod StartBrowser" time="0.0">
    <skipped/>
  </testcase> <!-- @BeforeMethod StartBrowser -->
  <testcase classname="testClassPackage.loginTest" name="@AfterMethod TearDown" time="0.0">
    <skipped/>
  </testcase> <!-- @AfterMethod TearDown -->
  <testcase classname="testClassPackage.loginTest" name="@BeforeMethod StartBrowser" time="0.0">
    <skipped/>
  </testcase> <!-- @BeforeMethod StartBrowser -->
  <testcase classname="testClassPackage.loginTest" name="@AfterMethod TearDown" time="0.0">
    <skipped/>
  </testcase> <!-- @AfterMethod TearDown -->
  <testcase classname="testClassPackage.loginTest" name="@BeforeMethod StartBrowser" time="0.0">
    <skipped/>
  </testcase> <!-- @BeforeMethod StartBrowser -->
  <testcase classname="testClassPackage.loginTest" name="@AfterMethod TearDown" time="0.0">
    <skipped/>
  </testcase> <!-- @AfterMethod TearDown -->
  <testcase classname="testClassPackage.loginTest" name="@BeforeMethod StartBrowser" time="0.0">
    <skipped/>
  </testcase> <!-- @BeforeMethod StartBrowser -->
  <testcase classname="testClassPackage.loginTest" name="@AfterMethod TearDown" time="0.0">
    <skipped/>
  </testcase> <!-- @AfterMethod TearDown -->
  <testcase classname="testClassPackage.loginTest" name="@BeforeMethod StartBrowser" time="0.0">
    <skipped/>
  </testcase> <!-- @BeforeMethod StartBrowser -->
  <testcase classname="testClassPackage.loginTest" name="@AfterMethod TearDown" time="0.0">
    <skipped/>
  </testcase> <!-- @AfterMethod TearDown -->
  <testcase classname="testClassPackage.loginTest" name="ValidateWithPageTitle" time="0.0">
    <skipped/>
  </testcase> <!-- ValidateWithPageTitle -->
  <testcase classname="testClassPackage.loginTest" name="validateLogoVisibility" time="0.0">
    <skipped/>
  </testcase> <!-- validateLogoVisibility -->
  <testcase classname="testClassPackage.loginTest" name="validateLoginPageCaption" time="0.0">
    <skipped/>
  </testcase> <!-- validateLoginPageCaption -->
  <testcase classname="testClassPackage.loginTest" name="passwordViewOptionEnable" time="0.001">
    <skipped/>
  </testcase> <!-- passwordViewOptionEnable -->
  <testcase classname="testClassPackage.loginTest" name="validateLoginButtonName" time="0.0">
    <skipped/>
  </testcase> <!-- validateLoginButtonName -->
  <testcase classname="testClassPackage.loginTest" name="loginWithValidUsernameAndPassword" time="0.0">
    <skipped/>
  </testcase> <!-- loginWithValidUsernameAndPassword -->
  <testcase classname="testClassPackage.loginTest" name="loginWithIncorrectUsernameAndValidPassword" time="0.001">
    <skipped/>
  </testcase> <!-- loginWithIncorrectUsernameAndValidPassword -->
  <testcase classname="testClassPackage.loginTest" name="loginWithValidUsernameAndInvalidPassword" time="0.0">
    <skipped/>
  </testcase> <!-- loginWithValidUsernameAndInvalidPassword -->
  <testcase classname="testClassPackage.loginTest" name="loginWithEmptyUsernameAndValidPassword" time="0.0">
    <skipped/>
  </testcase> <!-- loginWithEmptyUsernameAndValidPassword -->
  <testcase classname="testClassPackage.loginTest" name="loginWithValidUsernameAndEmptyPassword" time="0.0">
    <skipped/>
  </testcase> <!-- loginWithValidUsernameAndEmptyPassword -->
</testsuite> <!-- Test -->
