<?xml version="1.0" encoding="UTF-8"?>
<!-- Generated by org.testng.reporters.JUnitXMLReporter -->
<testsuite ignored="0" hostname="LPFKOL015150" failures="0" tests="15" name="SelectCampaign" time="76.928" errors="0" timestamp="2023-10-05T19:39:50 IST">
  <testcase classname="testClassPackage.SelectCampaignAndVoiceTest" name="@BeforeMethod StartBrowser" time="76.643">
    <failure type="org.openqa.selenium.NoSuchWindowException" message="Browsing context has been discarded
Build info: version: &amp;apos;4.13.0&amp;apos;, revision: &amp;apos;ba948ece5b*&amp;apos;
System info: os.name: &amp;apos;Windows 10&amp;apos;, os.arch: &amp;apos;amd64&amp;apos;, os.version: &amp;apos;10.0&amp;apos;, java.version: &amp;apos;20.0.1&amp;apos;
Driver info: org.openqa.selenium.firefox.FirefoxDriver
Command: [8842b6fa-c777-4d89-968e-2f9433524d12, maximizeCurrentWindow {}]
Capabilities {acceptInsecureCerts: true, browserName: firefox, browserVersion: 118.0.1, moz:accessibilityChecks: false, moz:buildID: 20230927232528, moz:debuggerAddress: 127.0.0.1:27100, moz:geckodriverVersion: 0.33.0, moz:headless: false, moz:platformVersion: 10.0, moz:processID: 16072, moz:profile: C:\Users\FKOL01~1\AppData\L..., moz:shutdownTimeout: 60000, moz:webdriverClick: true, moz:windowless: false, pageLoadStrategy: normal, platformName: windows, proxy: Proxy(), se:cdp: ws://127.0.0.1:27100/devtoo..., se:cdpVersion: 85.0, setWindowRect: true, strictFileInteractability: false, timeouts: {implicit: 0, pageLoad: 300000, script: 30000}, unhandledPromptBehavior: dismiss and notify}
Session ID: 8842b6fa-c777-4d89-968e-2f9433524d12">
      <![CDATA[org.openqa.selenium.NoSuchWindowException: Browsing context has been discarded
Build info: version: '4.13.0', revision: 'ba948ece5b*'
System info: os.name: 'Windows 10', os.arch: 'amd64', os.version: '10.0', java.version: '20.0.1'
Driver info: org.openqa.selenium.firefox.FirefoxDriver
Command: [8842b6fa-c777-4d89-968e-2f9433524d12, maximizeCurrentWindow {}]
Capabilities {acceptInsecureCerts: true, browserName: firefox, browserVersion: 118.0.1, moz:accessibilityChecks: false, moz:buildID: 20230927232528, moz:debuggerAddress: 127.0.0.1:27100, moz:geckodriverVersion: 0.33.0, moz:headless: false, moz:platformVersion: 10.0, moz:processID: 16072, moz:profile: C:\Users\FKOL01~1\AppData\L..., moz:shutdownTimeout: 60000, moz:webdriverClick: true, moz:windowless: false, pageLoadStrategy: normal, platformName: windows, proxy: Proxy(), se:cdp: ws://127.0.0.1:27100/devtoo..., se:cdpVersion: 85.0, setWindowRect: true, strictFileInteractability: false, timeouts: {implicit: 0, pageLoad: 300000, script: 30000}, unhandledPromptBehavior: dismiss and notify}
Session ID: 8842b6fa-c777-4d89-968e-2f9433524d12
at org.openqa.selenium.remote.codec.w3c.W3CHttpResponseCodec.createException(W3CHttpResponseCodec.java:200)
at org.openqa.selenium.remote.codec.w3c.W3CHttpResponseCodec.decode(W3CHttpResponseCodec.java:133)
at org.openqa.selenium.remote.codec.w3c.W3CHttpResponseCodec.decode(W3CHttpResponseCodec.java:52)
at org.openqa.selenium.remote.HttpCommandExecutor.execute(HttpCommandExecutor.java:191)
at org.openqa.selenium.remote.service.DriverCommandExecutor.invokeExecute(DriverCommandExecutor.java:196)
at org.openqa.selenium.remote.service.DriverCommandExecutor.execute(DriverCommandExecutor.java:171)
at org.openqa.selenium.remote.RemoteWebDriver.execute(RemoteWebDriver.java:602)
at org.openqa.selenium.remote.RemoteWebDriver.execute(RemoteWebDriver.java:675)
at org.openqa.selenium.remote.RemoteWebDriver.execute(RemoteWebDriver.java:679)
at org.openqa.selenium.remote.RemoteWebDriver$RemoteWebDriverOptions$RemoteWindow.maximize(RemoteWebDriver.java:1063)
at basepackage.baseClass.setUp(baseClass.java:48)
at testClassPackage.SelectCampaignAndVoiceTest.StartBrowser(SelectCampaignAndVoiceTest.java:32)
at java.base/java.util.ArrayList.forEach(ArrayList.java:1511)
... Removed 32 stack frames]]>
    </failure>
  </testcase> <!-- @BeforeMethod StartBrowser -->
  <testcase classname="testClassPackage.SelectCampaignAndVoiceTest" name="@AfterMethod TearDown" time="0.0">
    <skipped/>
  </testcase> <!-- @AfterMethod TearDown -->
  <testcase classname="testClassPackage.SelectCampaignAndVoiceTest" name="@BeforeMethod StartBrowser" time="0.0">
    <skipped/>
  </testcase> <!-- @BeforeMethod StartBrowser -->
  <testcase classname="testClassPackage.SelectCampaignAndVoiceTest" name="@AfterMethod TearDown" time="0.0">
    <skipped/>
  </testcase> <!-- @AfterMethod TearDown -->
  <testcase classname="testClassPackage.SelectCampaignAndVoiceTest" name="@BeforeMethod StartBrowser" time="0.0">
    <skipped/>
  </testcase> <!-- @BeforeMethod StartBrowser -->
  <testcase classname="testClassPackage.SelectCampaignAndVoiceTest" name="@AfterMethod TearDown" time="0.0">
    <skipped/>
  </testcase> <!-- @AfterMethod TearDown -->
  <testcase classname="testClassPackage.SelectCampaignAndVoiceTest" name="@BeforeMethod StartBrowser" time="0.0">
    <skipped/>
  </testcase> <!-- @BeforeMethod StartBrowser -->
  <testcase classname="testClassPackage.SelectCampaignAndVoiceTest" name="@AfterMethod TearDown" time="0.0">
    <skipped/>
  </testcase> <!-- @AfterMethod TearDown -->
  <testcase classname="testClassPackage.SelectCampaignAndVoiceTest" name="@BeforeMethod StartBrowser" time="0.0">
    <skipped/>
  </testcase> <!-- @BeforeMethod StartBrowser -->
  <testcase classname="testClassPackage.SelectCampaignAndVoiceTest" name="@AfterMethod TearDown" time="0.0">
    <skipped/>
  </testcase> <!-- @AfterMethod TearDown -->
  <testcase classname="testClassPackage.SelectCampaignAndVoiceTest" name="@BeforeMethod StartBrowser" time="0.0">
    <skipped/>
  </testcase> <!-- @BeforeMethod StartBrowser -->
  <testcase classname="testClassPackage.SelectCampaignAndVoiceTest" name="@AfterMethod TearDown" time="0.0">
    <skipped/>
  </testcase> <!-- @AfterMethod TearDown -->
  <testcase classname="testClassPackage.SelectCampaignAndVoiceTest" name="@BeforeMethod StartBrowser" time="0.0">
    <skipped/>
  </testcase> <!-- @BeforeMethod StartBrowser -->
  <testcase classname="testClassPackage.SelectCampaignAndVoiceTest" name="@AfterMethod TearDown" time="0.0">
    <skipped/>
  </testcase> <!-- @AfterMethod TearDown -->
  <testcase classname="testClassPackage.SelectCampaignAndVoiceTest" name="@BeforeMethod StartBrowser" time="0.0">
    <skipped/>
  </testcase> <!-- @BeforeMethod StartBrowser -->
  <testcase classname="testClassPackage.SelectCampaignAndVoiceTest" name="@AfterMethod TearDown" time="0.0">
    <skipped/>
  </testcase> <!-- @AfterMethod TearDown -->
  <testcase classname="testClassPackage.SelectCampaignAndVoiceTest" name="VerifySelectCampaignPageCaption" time="0.0">
    <skipped/>
  </testcase> <!-- VerifySelectCampaignPageCaption -->
  <testcase classname="testClassPackage.SelectCampaignAndVoiceTest" name="VerifyBackToStationPage" time="0.0">
    <skipped/>
  </testcase> <!-- VerifyBackToStationPage -->
  <testcase classname="testClassPackage.SelectCampaignAndVoiceTest" name="VerifySelectNSBCampaignWithoutSelectVoice" time="0.0">
    <skipped/>
  </testcase> <!-- VerifySelectNSBCampaignWithoutSelectVoice -->
  <testcase classname="testClassPackage.SelectCampaignAndVoiceTest" name="VerifySelectNSBCampaignWitSelectVoice" time="0.0">
    <skipped/>
  </testcase> <!-- VerifySelectNSBCampaignWitSelectVoice -->
  <testcase classname="testClassPackage.SelectCampaignAndVoiceTest" name="VerifyLogoutButtonFunction" time="0.0">
    <skipped/>
  </testcase> <!-- VerifyLogoutButtonFunction -->
  <testcase classname="testClassPackage.SelectCampaignAndVoiceTest" name="VerifySelectInnovative_QualifiersCampaignWithoutSelectVoice" time="0.0">
    <skipped/>
  </testcase> <!-- VerifySelectInnovative_QualifiersCampaignWithoutSelectVoice -->
  <testcase classname="testClassPackage.SelectCampaignAndVoiceTest" name="VerifySelectInnovative_QualifiersCampaignWithSelectVoice" time="0.0">
    <skipped/>
  </testcase> <!-- VerifySelectInnovative_QualifiersCampaignWithSelectVoice -->
  <testcase classname="testClassPackage.SelectCampaignAndVoiceTest" name="VerifyWhatIfMediaHealthCampaignWithOutSelectVoice" time="0.0">
    <skipped/>
  </testcase> <!-- VerifyWhatIfMediaHealthCampaignWithOutSelectVoice -->
  <testcase classname="testClassPackage.SelectCampaignAndVoiceTest" name="VerifyWhatIfMediaHealthCampaignWithSelectVoice" time="0.001">
    <skipped/>
  </testcase> <!-- VerifyWhatIfMediaHealthCampaignWithSelectVoice -->
  <testcase classname="testClassPackage.SelectCampaignAndVoiceTest" name="VerifyCampaignLIT_ACA_WithVoice" time="0.0">
    <skipped/>
  </testcase> <!-- VerifyCampaignLIT_ACA_WithVoice -->
  <testcase classname="testClassPackage.SelectCampaignAndVoiceTest" name="verifyCampaignLIT_CCD_DV_LV_MXWithVoice" time="0.0">
    <skipped/>
  </testcase> <!-- verifyCampaignLIT_CCD_DV_LV_MXWithVoice -->
  <testcase classname="testClassPackage.SelectCampaignAndVoiceTest" name="verifyCampaign_LIT_FE_withVoice" time="0.0">
    <skipped/>
  </testcase> <!-- verifyCampaign_LIT_FE_withVoice -->
  <testcase classname="testClassPackage.SelectCampaignAndVoiceTest" name="verifyCampaign_POSA_Pledge_Assistance_WithVoice" time="0.0">
    <skipped/>
  </testcase> <!-- verifyCampaign_POSA_Pledge_Assistance_WithVoice -->
  <testcase classname="testClassPackage.SelectCampaignAndVoiceTest" name="verifyCampaign_Tax_relief_Statement_WithVoice" time="0.0">
    <skipped/>
  </testcase> <!-- verifyCampaign_Tax_relief_Statement_WithVoice -->
  <testcase classname="testClassPackage.SelectCampaignAndVoiceTest" name="verifyCampaign_What_If_Media_Auto_Signals_CampaignWithVoice" time="0.0">
    <skipped/>
  </testcase> <!-- verifyCampaign_What_If_Media_Auto_Signals_CampaignWithVoice -->
</testsuite> <!-- SelectCampaign -->
